<?xml version="1.0" encoding="UTF-8"?>
<testsuite xmlns:xsi="http://www.w3.org/2001/XMLSchema-instance" xsi:noNamespaceSchemaLocation="https://maven.apache.org/surefire/maven-surefire-plugin/xsd/surefire-test-report-3.0.xsd" version="3.0" name="com.hanh.mathutil.com.MathUtilDDTTest" time="0.206" tests="7" errors="0" skipped="0" failures="0">
  <properties>
    <property name="java.specification.version" value="21"/>
    <property name="sun.cpu.isalist" value="amd64"/>
    <property name="sun.jnu.encoding" value="Cp1252"/>
    <property name="java.class.path" value="D:\0. FPT_Document\2. SE5\SWT301\mathutil\target\test-classes;D:\0. FPT_Document\2. SE5\SWT301\mathutil\target\classes;C:\Users\Admin\.m2\repository\org\junit\jupiter\junit-jupiter\6.0.0-RC3\junit-jupiter-6.0.0-RC3.jar;C:\Users\Admin\.m2\repository\org\junit\jupiter\junit-jupiter-api\6.0.0-RC3\junit-jupiter-api-6.0.0-RC3.jar;C:\Users\Admin\.m2\repository\org\opentest4j\opentest4j\1.3.0\opentest4j-1.3.0.jar;C:\Users\Admin\.m2\repository\org\junit\platform\junit-platform-commons\6.0.0-RC3\junit-platform-commons-6.0.0-RC3.jar;C:\Users\Admin\.m2\repository\org\apiguardian\apiguardian-api\1.1.2\apiguardian-api-1.1.2.jar;C:\Users\Admin\.m2\repository\org\jspecify\jspecify\1.0.0\jspecify-1.0.0.jar;C:\Users\Admin\.m2\repository\org\junit\jupiter\junit-jupiter-params\6.0.0-RC3\junit-jupiter-params-6.0.0-RC3.jar;C:\Users\Admin\.m2\repository\org\junit\jupiter\junit-jupiter-engine\6.0.0-RC3\junit-jupiter-engine-6.0.0-RC3.jar;C:\Users\Admin\.m2\repository\org\junit\platform\junit-platform-engine\6.0.0-RC3\junit-platform-engine-6.0.0-RC3.jar;"/>
    <property name="java.vm.vendor" value="Oracle Corporation"/>
    <property name="sun.arch.data.model" value="64"/>
    <property name="user.variant" value=""/>
    <property name="java.vendor.url" value="https://java.oracle.com/"/>
    <property name="user.timezone" value="Asia/Saigon"/>
    <property name="os.name" value="Windows 11"/>
    <property name="java.vm.specification.version" value="21"/>
    <property name="sun.java.launcher" value="SUN_STANDARD"/>
    <property name="user.country" value="GB"/>
    <property name="sun.boot.library.path" value="C:\Program Files\Java\jdk-21\bin"/>
    <property name="sun.java.command" value="C:\Users\Admin\AppData\Local\Temp\surefire14018655513179510682\surefirebooter-20251020104218511_3.jar C:\Users\Admin\AppData\Local\Temp\surefire14018655513179510682 2025-10-20T10-42-16_886-jvmRun1 surefire-20251020104218511_1tmp surefire_0-20251020104218511_2tmp"/>
    <property name="jdk.debug" value="release"/>
    <property name="surefire.test.class.path" value="D:\0. FPT_Document\2. SE5\SWT301\mathutil\target\test-classes;D:\0. FPT_Document\2. SE5\SWT301\mathutil\target\classes;C:\Users\Admin\.m2\repository\org\junit\jupiter\junit-jupiter\6.0.0-RC3\junit-jupiter-6.0.0-RC3.jar;C:\Users\Admin\.m2\repository\org\junit\jupiter\junit-jupiter-api\6.0.0-RC3\junit-jupiter-api-6.0.0-RC3.jar;C:\Users\Admin\.m2\repository\org\opentest4j\opentest4j\1.3.0\opentest4j-1.3.0.jar;C:\Users\Admin\.m2\repository\org\junit\platform\junit-platform-commons\6.0.0-RC3\junit-platform-commons-6.0.0-RC3.jar;C:\Users\Admin\.m2\repository\org\apiguardian\apiguardian-api\1.1.2\apiguardian-api-1.1.2.jar;C:\Users\Admin\.m2\repository\org\jspecify\jspecify\1.0.0\jspecify-1.0.0.jar;C:\Users\Admin\.m2\repository\org\junit\jupiter\junit-jupiter-params\6.0.0-RC3\junit-jupiter-params-6.0.0-RC3.jar;C:\Users\Admin\.m2\repository\org\junit\jupiter\junit-jupiter-engine\6.0.0-RC3\junit-jupiter-engine-6.0.0-RC3.jar;C:\Users\Admin\.m2\repository\org\junit\platform\junit-platform-engine\6.0.0-RC3\junit-platform-engine-6.0.0-RC3.jar;"/>
    <property name="sun.cpu.endian" value="little"/>
    <property name="user.home" value="C:\Users\Admin"/>
    <property name="user.language" value="en"/>
    <property name="java.specification.vendor" value="Oracle Corporation"/>
    <property name="java.version.date" value="2025-07-15"/>
    <property name="java.home" value="C:\Program Files\Java\jdk-21"/>
    <property name="file.separator" value="\"/>
    <property name="basedir" value="D:\0. FPT_Document\2. SE5\SWT301\mathutil"/>
    <property name="java.vm.compressedOopsMode" value="Zero based"/>
    <property name="line.separator" value="&#10;"/>
    <property name="java.vm.specification.vendor" value="Oracle Corporation"/>
    <property name="java.specification.name" value="Java Platform API Specification"/>
    <property name="surefire.real.class.path" value="C:\Users\Admin\AppData\Local\Temp\surefire14018655513179510682\surefirebooter-20251020104218511_3.jar"/>
    <property name="user.script" value=""/>
    <property name="sun.management.compiler" value="HotSpot 64-Bit Tiered Compilers"/>
    <property name="java.runtime.version" value="21.0.8+12-LTS-250"/>
    <property name="user.name" value="Admin"/>
    <property name="stdout.encoding" value="Cp1252"/>
    <property name="path.separator" value=";"/>
    <property name="os.version" value="10.0"/>
    <property name="java.runtime.name" value="Java(TM) SE Runtime Environment"/>
    <property name="file.encoding" value="UTF-8"/>
    <property name="java.vm.name" value="Java HotSpot(TM) 64-Bit Server VM"/>
    <property name="localRepository" value="C:\Users\Admin\.m2\repository"/>
    <property name="java.vendor.url.bug" value="https://bugreport.java.com/bugreport/"/>
    <property name="java.io.tmpdir" value="C:\Users\Admin\AppData\Local\Temp\"/>
    <property name="java.version" value="21.0.8"/>
    <property name="user.dir" value="D:\0. FPT_Document\2. SE5\SWT301\mathutil"/>
    <property name="os.arch" value="amd64"/>
    <property name="java.vm.specification.name" value="Java Virtual Machine Specification"/>
    <property name="sun.os.patch.level" value=""/>
    <property name="native.encoding" value="Cp1252"/>
    <property name="java.library.path" value="C:\Program Files\Java\jdk-21\bin;C:\WINDOWS\Sun\Java\bin;C:\WINDOWS\system32;C:\WINDOWS;C:\WINDOWS\system32;C:\WINDOWS;C:\WINDOWS\System32\Wbem;C:\WINDOWS\System32\WindowsPowerShell\v1.0\;C:\WINDOWS\System32\OpenSSH\;C:\Program Files (x86)\Microsoft SQL Server\160\Tools\Binn\;C:\Program Files\Microsoft SQL Server\160\Tools\Binn\;C:\Program Files\Microsoft SQL Server\Client SDK\ODBC\170\Tools\Binn\;C:\Program Files\Microsoft SQL Server\160\DTS\Binn\;C:\Program Files (x86)\Microsoft SQL Server\150\Tools\Binn\;C:\Program Files\Microsoft SQL Server\150\Tools\Binn\;C:\Program Files\Microsoft SQL Server\150\DTS\Binn\;C:\Program Files (x86)\Microsoft SQL Server\160\DTS\Binn\;C:\Program Files\Azure Data Studio\bin;C:\Program Files\dotnet\;C:\Program Files\Docker\Docker\resources\bin;C:\Program Files\Java\jdk-21\BIN;C:\Program Files\apache-maven-3.9.11\BIN;C:\Program Files\Git\cmd;C:\Users\Admin\AppData\Local\Microsoft\WindowsApps;C:\Users\Admin\AppData\Local\Programs\Microsoft VS Code\bin;C:\Users\Admin\AppData\Local\GitHubDesktop\bin;C:\Program Files\Azure Data Studio\bin;C:\Users\Admin\AppData\Local\Programs\cursor\resources\app\bin;C:\Users\Admin\.dotnet\tools;C:\Program Files\Java\jdk-21\bin;;."/>
    <property name="java.vm.info" value="mixed mode, sharing"/>
    <property name="stderr.encoding" value="Cp1252"/>
    <property name="java.vendor" value="Oracle Corporation"/>
    <property name="java.vm.version" value="21.0.8+12-LTS-250"/>
    <property name="sun.io.unicode.encoding" value="UnicodeLittle"/>
    <property name="java.class.version" value="65.0"/>
  </properties>
  <testcase name="testFactorialGivenRightArgRunsWell(int, long)[1]" classname="com.hanh.mathutil.com.MathUtilDDTTest" time="0.04"/>
  <testcase name="testFactorialGivenRightArgRunsWell(int, long)[2]" classname="com.hanh.mathutil.com.MathUtilDDTTest" time="0.001"/>
  <testcase name="testFactorialGivenRightArgRunsWell(int, long)[3]" classname="com.hanh.mathutil.com.MathUtilDDTTest" time="0.0"/>
  <testcase name="testFactorialGivenRightArgRunsWell(int, long)[4]" classname="com.hanh.mathutil.com.MathUtilDDTTest" time="0.0"/>
  <testcase name="testFactorialGivenRightArgRunsWell(int, long)[5]" classname="com.hanh.mathutil.com.MathUtilDDTTest" time="0.0"/>
  <testcase name="testFactorialGivenRightArgRunsWell(int, long)[6]" classname="com.hanh.mathutil.com.MathUtilDDTTest" time="0.0"/>
  <testcase name="testFactorialGivenRightArgRunsWell(int, long)[7]" classname="com.hanh.mathutil.com.MathUtilDDTTest" time="0.0"/>
</testsuite>